2024-01-08 18:51:43,881 INFO o.s.t.c.s.AnnotationConfigContextLoaderUtils [main] Could not detect default configuration classes for test class [com.example.SpringDemoBotParfums.SpringDemoBotParfumsApplicationTests]: SpringDemoBotParfumsApplicationTests does not declare any static, non-private, non-final, nested classes annotated with @Configuration.
2024-01-08 18:51:44,167 INFO o.s.b.t.c.SpringBootTestContextBootstrapper [main] Found @SpringBootConfiguration com.example.SpringDemoBotParfums.SpringDemoBotParfumsApplication for test class com.example.SpringDemoBotParfums.SpringDemoBotParfumsApplicationTests
2024-01-08 18:51:44,644 WARN o.s.b.t.j.DuplicateJsonObjectContextCustomizerFactory$DuplicateJsonObjectContextCustomizer [main] 

Found multiple occurrences of org.json.JSONObject on the class path:

	jar:file:/C:/Users/Admin/.m2/repository/com/vaadin/external/google/android-json/0.0.20131108.vaadin1/android-json-0.0.20131108.vaadin1.jar!/org/json/JSONObject.class
	jar:file:/C:/Users/Admin/.m2/repository/org/json/json/20170516/json-20170516.jar!/org/json/JSONObject.class

You may wish to exclude one of them to ensure predictable runtime behavior

2024-01-08 18:51:44,665 INFO c.e.S.SpringDemoBotParfumsApplicationTests [main] Starting SpringDemoBotParfumsApplicationTests using Java 17.0.9 with PID 14100 (started by Admin in G:\Hillel\Works\Test\SpringDemoBotParfums)
2024-01-08 18:51:44,666 INFO c.e.S.SpringDemoBotParfumsApplicationTests [main] No active profile set, falling back to 1 default profile: "default"
2024-01-08 18:51:45,540 INFO o.s.d.r.c.RepositoryConfigurationDelegate [main] Bootstrapping Spring Data JPA repositories in DEFAULT mode.
2024-01-08 18:51:45,605 INFO o.s.d.r.c.RepositoryConfigurationDelegate [main] Finished Spring Data repository scanning in 53 ms. Found 3 JPA repository interfaces.
2024-01-08 18:51:46,152 INFO o.h.j.i.u.LogHelper [main] HHH000204: Processing PersistenceUnitInfo [name: default]
2024-01-08 18:51:46,238 INFO o.h.Version [main] HHH000412: Hibernate ORM core version 6.3.1.Final
2024-01-08 18:51:46,281 INFO o.h.c.i.RegionFactoryInitiator [main] HHH000026: Second-level cache disabled
2024-01-08 18:51:46,695 INFO o.s.o.j.p.SpringPersistenceUnitInfo [main] No LoadTimeWeaver setup: ignoring JPA class transformer
2024-01-08 18:51:46,733 INFO c.z.h.HikariDataSource [main] HikariPool-1 - Starting...
2024-01-08 18:51:47,140 INFO c.z.h.HikariDataSource [main] HikariPool-1 - Start completed.
2024-01-08 18:51:47,269 WARN o.h.o.deprecation [main] HHH90000025: MySQLDialect does not need to be specified explicitly using 'hibernate.dialect' (remove the property setting and it will be selected by default)
2024-01-08 18:51:48,411 INFO o.h.e.t.j.p.i.JtaPlatformInitiator [main] HHH000489: No JTA platform available (set 'hibernate.transaction.jta.platform' to enable JTA platform integration)
2024-01-08 18:51:48,461 INFO o.s.o.j.LocalContainerEntityManagerFactoryBean [main] Initialized JPA EntityManagerFactory for persistence unit 'default'
2024-01-08 18:51:50,264 INFO c.e.S.SpringDemoBotParfumsApplicationTests [main] Started SpringDemoBotParfumsApplicationTests in 5.841 seconds (process running for 7.977)
2024-01-08 18:51:51,122 INFO o.s.o.j.LocalContainerEntityManagerFactoryBean [SpringApplicationShutdownHook] Closing JPA EntityManagerFactory for persistence unit 'default'
2024-01-08 18:51:51,125 INFO c.z.h.HikariDataSource [SpringApplicationShutdownHook] HikariPool-1 - Shutdown initiated...
2024-01-08 18:51:51,135 INFO c.z.h.HikariDataSource [SpringApplicationShutdownHook] HikariPool-1 - Shutdown completed.
2024-01-08 18:54:02,976 INFO c.e.S.SpringDemoBotParfumsApplication [main] Starting SpringDemoBotParfumsApplication using Java 17.0.9 with PID 16824 (G:\Hillel\Works\Test\SpringDemoBotParfums\target\classes started by Admin in G:\Hillel\Works\Test\SpringDemoBotParfums)
2024-01-08 18:54:02,979 INFO c.e.S.SpringDemoBotParfumsApplication [main] No active profile set, falling back to 1 default profile: "default"
2024-01-08 18:54:04,033 INFO o.s.d.r.c.RepositoryConfigurationDelegate [main] Bootstrapping Spring Data JPA repositories in DEFAULT mode.
2024-01-08 18:54:04,124 INFO o.s.d.r.c.RepositoryConfigurationDelegate [main] Finished Spring Data repository scanning in 78 ms. Found 3 JPA repository interfaces.
2024-01-08 18:54:04,988 INFO o.s.b.w.e.t.TomcatWebServer [main] Tomcat initialized with port 8080 (http)
2024-01-08 18:54:04,997 INFO o.a.c.h.Http11NioProtocol [main] Initializing ProtocolHandler ["http-nio-0.0.0.0-8080"]
2024-01-08 18:54:05,000 INFO o.a.c.c.StandardService [main] Starting service [Tomcat]
2024-01-08 18:54:05,001 INFO o.a.c.c.StandardEngine [main] Starting Servlet engine: [Apache Tomcat/10.1.15]
2024-01-08 18:54:05,106 INFO o.a.c.c.C.[.[.[/] [main] Initializing Spring embedded WebApplicationContext
2024-01-08 18:54:05,106 INFO o.s.b.w.s.c.ServletWebServerApplicationContext [main] Root WebApplicationContext: initialization completed in 2029 ms
2024-01-08 18:54:05,317 INFO o.h.j.i.u.LogHelper [main] HHH000204: Processing PersistenceUnitInfo [name: default]
2024-01-08 18:54:05,387 INFO o.h.Version [main] HHH000412: Hibernate ORM core version 6.3.1.Final
2024-01-08 18:54:05,440 INFO o.h.c.i.RegionFactoryInitiator [main] HHH000026: Second-level cache disabled
2024-01-08 18:54:05,701 INFO o.s.o.j.p.SpringPersistenceUnitInfo [main] No LoadTimeWeaver setup: ignoring JPA class transformer
2024-01-08 18:54:05,727 INFO c.z.h.HikariDataSource [main] HikariPool-1 - Starting...
2024-01-08 18:54:06,498 INFO c.z.h.HikariDataSource [main] HikariPool-1 - Start completed.
2024-01-08 18:54:06,571 WARN o.h.o.deprecation [main] HHH90000025: MySQLDialect does not need to be specified explicitly using 'hibernate.dialect' (remove the property setting and it will be selected by default)
2024-01-08 18:54:07,762 INFO o.h.e.t.j.p.i.JtaPlatformInitiator [main] HHH000489: No JTA platform available (set 'hibernate.transaction.jta.platform' to enable JTA platform integration)
2024-01-08 18:54:07,805 INFO o.s.o.j.LocalContainerEntityManagerFactoryBean [main] Initialized JPA EntityManagerFactory for persistence unit 'default'
2024-01-08 18:54:11,857 INFO o.a.c.h.Http11NioProtocol [main] Starting ProtocolHandler ["http-nio-0.0.0.0-8080"]
2024-01-08 18:54:11,962 INFO o.s.b.w.e.t.TomcatWebServer [main] Tomcat started on port 8080 (http) with context path ''
2024-01-08 18:54:12,130 INFO c.e.S.SpringDemoBotParfumsApplication [main] Started SpringDemoBotParfumsApplication in 9.83 seconds (process running for 10.838)
